<?xml version="1.0" encoding="UTF-8"?>
<!-- Generated by org.testng.reporters.JUnitXMLReporter -->
<testsuite hostname="VENKAT-PC" ignored="0" name="Test" tests="1" failures="1" timestamp="27 Jul 2019 06:59:19 GMT" time="44.922" errors="0">
  <testcase name="dropDown" time="39.09" classname="com.leafBot.testcases.TC001_SelectDropDown">
    <failure type="org.openqa.selenium.NoSuchElementException" message="Cannot locate element with text: india
For documentation on this error, please visit: https://www.seleniumhq.org/exceptions/no_such_element.html
Build info: version: &amp;apos;3.141.59&amp;apos;, revision: &amp;apos;e82be7d358&amp;apos;, time: &amp;apos;2018-11-14T08:17:03&amp;apos;
System info: host: &amp;apos;VENKAT-PC&amp;apos;, ip: &amp;apos;192.168.1.4&amp;apos;, os.name: &amp;apos;Windows 7&amp;apos;, os.arch: &amp;apos;amd64&amp;apos;, os.version: &amp;apos;6.1&amp;apos;, java.version: &amp;apos;1.8.0_171&amp;apos;
Driver info: driver.version: unknown">
      <![CDATA[org.openqa.selenium.NoSuchElementException: Cannot locate element with text: india
For documentation on this error, please visit: https://www.seleniumhq.org/exceptions/no_such_element.html
Build info: version: '3.141.59', revision: 'e82be7d358', time: '2018-11-14T08:17:03'
System info: host: 'VENKAT-PC', ip: '192.168.1.4', os.name: 'Windows 7', os.arch: 'amd64', os.version: '6.1', java.version: '1.8.0_171'
Driver info: driver.version: unknown
at org.openqa.selenium.support.ui.Select.selectByVisibleText(Select.java:147)
at com.leafBot.selenium.api.base.SeleniumBase.selectDropDownUsingText(SeleniumBase.java:118)
at com.leafBot.pages.DropDownSelectPage.select_dropDown(DropDownSelectPage.java:22)
at com.leafBot.testcases.TC001_SelectDropDown.dropDown(TC001_SelectDropDown.java:23)
... Removed 25 stack frames]]>
    </failure>
  </testcase> <!-- dropDown -->
</testsuite> <!-- Test -->
